<?xml version="1.0" encoding="UTF-8"?>
<!-- Generated by org.testng.reporters.JUnitReportReporter -->
<testsuite hostname="DESKTOP-1V11AMU" failures="0" tests="4" name="using_TestNG.Leaving_Certificate" time="46.410" errors="0" timestamp="2024-04-15T10:49:05 IST" skipped="0">
  <testcase classname="using_TestNG.Leaving_Certificate" name="validateLogin" time="0.047"/>
  <testcase classname="using_TestNG.Leaving_Certificate" name="navigate_And_select_Certificate_Type" time="5.771"/>
  <testcase classname="using_TestNG.Leaving_Certificate" name="update_Remarks_And_Generate_Leaving_Certificate" time="14.380"/>
  <testcase classname="using_TestNG.Leaving_Certificate" name="download_Certificate" time="26.212"/>
</testsuite> <!-- using_TestNG.Leaving_Certificate -->
