<?xml version="1.0" encoding="UTF-8"?>
<!-- Generated by org.testng.reporters.JUnitReportReporter -->
<testsuite hostname="DESKTOP-1V11AMU" failures="0" tests="2" name="test_Cases.Login_with_PhoneNumber" time="41.313" errors="0" timestamp="2024-04-13T17:48:37 IST" skipped="0">
  <testcase classname="test_Cases.Login_with_PhoneNumber" name="validateLogin" time="17.885"/>
  <testcase classname="test_Cases.Login_with_PhoneNumber" name="navigate_And_select_Certificate_Type" time="23.428"/>
</testsuite> <!-- test_Cases.Login_with_PhoneNumber -->
