<?xml version="1.0" encoding="UTF-8"?>
<!-- Generated by org.testng.reporters.JUnitReportReporter -->
<testsuite hostname="DESKTOP-SB3628J" failures="0" tests="5" name="testNG.TestNG_Helper_Attributes" time="19.520" errors="0" timestamp="2024-04-04T13:13:24 IST" skipped="0">
  <testcase classname="testNG.TestNG_Helper_Attributes" name="searchproduct" time="5.996"/>
  <testcase classname="testNG.TestNG_Helper_Attributes" name="testCase" time="1.288"/>
  <testcase classname="testNG.TestNG_Helper_Attributes" name="openAmazon" time="4.194"/>
  <testcase classname="testNG.TestNG_Helper_Attributes" name="openSwagLabs" time="2.182"/>
  <testcase classname="testNG.TestNG_Helper_Attributes" name="openActitime" time="5.860"/>
</testsuite> <!-- testNG.TestNG_Helper_Attributes -->
