<?xml version="1.0" encoding="UTF-8"?>
<!-- Generated by org.testng.reporters.JUnitReportReporter -->
<testsuite hostname="DESKTOP-SB3628J" failures="0" tests="5" name="testNG.enabled_true_false" time="15.345" errors="0" timestamp="2024-04-03T10:23:36 IST" skipped="1">
  <testcase classname="testNG.enabled_true_false" name="openSwagLabs" time="3.006"/>
  <testcase classname="testNG.enabled_true_false" name="openOrangeHRM" time="6.680"/>
  <testcase classname="testNG.enabled_true_false" name="openActitime" time="4.647"/>
  <testcase classname="testNG.enabled_true_false" name="testCase" time="1.012"/>
  <testcase classname="testNG.enabled_true_false" name="openGoogle">
    <skipped/>
  </testcase> <!-- openGoogle -->
</testsuite> <!-- testNG.enabled_true_false -->
