<?xml version="1.0" encoding="UTF-8"?>
<!-- Generated by org.testng.reporters.JUnitReportReporter -->
<testsuite hostname="DESKTOP-SB3628J" failures="0" tests="2" name="testNG.Saucedemo" time="1.668" errors="0" timestamp="2024-04-08T14:06:51 IST" skipped="0">
  <testcase classname="testNG.Saucedemo" name="validateLogin" time="0.018"/>
  <testcase classname="testNG.Saucedemo" name="login" time="1.650"/>
</testsuite> <!-- testNG.Saucedemo -->
