<?xml version="1.0" encoding="UTF-8"?>
<!-- Generated by org.testng.reporters.JUnitReportReporter -->
<testsuite hostname="DESKTOP-SB3628J" failures="0" tests="3" name="testNG.ATM" time="0.006" errors="0" timestamp="04 Apr 2024 08:05:08 GMT" skipped="0">
  <testcase classname="testNG.ATM" name="Withdraw_Cash" time="0.002"/>
  <testcase classname="testNG.ATM" name="Enter_Pin" time="0.003"/>
  <testcase classname="testNG.ATM" name="Insert_ATM" time="0.001"/>
</testsuite> <!-- testNG.ATM -->
