<?xml version="1.0" encoding="UTF-8"?>
<!-- Generated by org.testng.reporters.JUnitReportReporter -->
<testsuite hostname="DESKTOP-SB3628J" failures="0" tests="4" name="testNG.Loan_Dept" time="0.017" errors="0" timestamp="04 Apr 2024 07:42:27 GMT" skipped="0">
  <testcase classname="testNG.Loan_Dept" name="take_HomeLoan" time="0.002"/>
  <testcase classname="testNG.Loan_Dept" name="take_Car_Loan" time="0.011"/>
  <testcase classname="testNG.Loan_Dept" name="take_FarmLoan" time="0.003"/>
  <testcase classname="testNG.Loan_Dept" name="take_MobileLoan" time="0.001"/>
</testsuite> <!-- testNG.Loan_Dept -->
