<?xml version="1.0" encoding="UTF-8"?>
<!-- Generated by org.testng.reporters.JUnitReportReporter -->
<testsuite hostname="DESKTOP-SB3628J" failures="0" tests="1" name="testNG.Shopping" time="0.009" errors="0" timestamp="04 Apr 2024 08:05:08 GMT" skipped="0">
  <testcase classname="testNG.Shopping" name="Create_Account" time="0.009"/>
</testsuite> <!-- testNG.Shopping -->
