<?xml version="1.0" encoding="UTF-8"?>
<!-- Generated by org.testng.reporters.JUnitReportReporter -->
<testsuite hostname="DESKTOP-SB3628J" failures="0" tests="4" name="test_Cases.Login_By_DataProvider" time="56.002" errors="0" timestamp="2024-04-02T12:07:03 IST" skipped="0">
  <testcase classname="test_Cases.Login_By_DataProvider" name="loginTest" time="12.668"/>
  <testcase classname="test_Cases.Login_By_DataProvider" name="loginTest" time="15.894"/>
  <testcase classname="test_Cases.Login_By_DataProvider" name="loginTest" time="14.193"/>
  <testcase classname="test_Cases.Login_By_DataProvider" name="loginTest" time="13.247"/>
</testsuite> <!-- test_Cases.Login_By_DataProvider -->
