<?xml version="1.0" encoding="UTF-8"?>
<!-- Generated by org.testng.reporters.JUnitReportReporter -->
<testsuite hostname="DESKTOP-SB3628J" failures="0" tests="1" name="test_Cases.Login" time="11.855" errors="0" timestamp="2024-04-02T12:11:25 IST" skipped="0">
  <testcase classname="test_Cases.Login" name="enterValidCredentials" time="11.855"/>
</testsuite> <!-- test_Cases.Login -->
