<?xml version="1.0" encoding="UTF-8"?>
<!-- Generated by org.testng.reporters.JUnitReportReporter -->
<testsuite hostname="DESKTOP-SB3628J" failures="0" tests="2" name="test_Cases.Home_Page" time="18.811" errors="0" timestamp="2024-03-31T06:42:43 IST" skipped="0">
  <testcase classname="test_Cases.Home_Page" name="verifyUrl" time="9.510"/>
  <testcase classname="test_Cases.Home_Page" name="verifyTitle" time="9.301"/>
</testsuite> <!-- test_Cases.Home_Page -->
