<?xml version="1.0" encoding="UTF-8"?>
<!-- Generated by org.testng.reporters.JUnitReportReporter -->
<testsuite hostname="DESKTOP-SB3628J" failures="0" tests="1" name="test_Cases.New_Customer" time="9.841" errors="0" timestamp="2024-04-03T09:31:22 IST" skipped="0">
  <testcase classname="test_Cases.New_Customer" name="Add_New_Customer" time="9.841"/>
</testsuite> <!-- test_Cases.New_Customer -->
