<?xml version="1.0" encoding="UTF-8"?>
<!-- Generated by org.testng.reporters.JUnitReportReporter -->
<testsuite hostname="DESKTOP-SB3628J" failures="0" tests="5" name="test_Cases.Login_ExcelData" time="49.275" errors="0" timestamp="2024-03-31T06:42:43 IST" skipped="0">
  <testcase classname="test_Cases.Login_ExcelData" name="enterInvalidCredentials" time="10.621"/>
  <testcase classname="test_Cases.Login_ExcelData" name="enterInvalidCredentials" time="10.562"/>
  <testcase classname="test_Cases.Login_ExcelData" name="enterInvalidCredentials" time="9.641"/>
  <testcase classname="test_Cases.Login_ExcelData" name="enterInvalidCredentials" time="8.952"/>
  <testcase classname="test_Cases.Login_ExcelData" name="verifyLogin" time="9.499"/>
</testsuite> <!-- test_Cases.Login_ExcelData -->
