<?xml version="1.0" encoding="UTF-8"?>
<!-- Generated by org.testng.reporters.JUnitReportReporter -->
<testsuite hostname="DESKTOP-SB3628J" failures="0" tests="4" name="testNG.Priority" time="14.787" errors="0" timestamp="2024-04-03T09:59:04 IST" skipped="0">
  <testcase classname="testNG.Priority" name="openSwagLabs" time="2.541"/>
  <testcase classname="testNG.Priority" name="openOrangeHRM" time="5.306"/>
  <testcase classname="testNG.Priority" name="openActitime" time="4.500"/>
  <testcase classname="testNG.Priority" name="openGoogle" time="2.440"/>
</testsuite> <!-- testNG.Priority -->
