<?xml version="1.0" encoding="UTF-8"?>
<!-- Generated by org.testng.reporters.JUnitReportReporter -->
<testsuite hostname="DESKTOP-SB3628J" failures="0" tests="3" name="testNG.Annotations" time="16.241" errors="0" timestamp="2024-04-03T10:31:21 IST" skipped="0">
  <testcase classname="testNG.Annotations" name="testPIMUpdate" time="5.851"/>
  <testcase classname="testNG.Annotations" name="testPIMDelete" time="5.273"/>
  <testcase classname="testNG.Annotations" name="testPIMCreation" time="5.117"/>
</testsuite> <!-- testNG.Annotations -->
