<?xml version="1.0" encoding="UTF-8"?>
<!-- Generated by org.testng.reporters.JUnitReportReporter -->
<testsuite hostname="DESKTOP-SB3628J" failures="0" tests="1" name="testNG.Amazon" time="45.353" errors="0" timestamp="2024-04-04T15:00:19 IST" skipped="0">
  <testcase classname="testNG.Amazon" name="openUrl" time="45.353"/>
</testsuite> <!-- testNG.Amazon -->
